<?xml version="1.0" encoding="UTF-8"?>
<!-- Generated by org.testng.reporters.JUnitXMLReporter -->
<testsuite ignored="0" hostname="IN-J8C0GY3" failures="4" tests="34" name="Surefire test" time="29.019" errors="0" timestamp="2025-07-10T15:03:17 IST">
  <testcase classname="testcases.CartTests" name="testCreateCart" time="4.251"/>
  <testcase classname="testcases.CartTests" name="testDeleteCart" time="0.787"/>
  <testcase classname="testcases.CartTests" name="testGetAllCarts" time="0.696"/>
  <testcase classname="testcases.CartTests" name="testGetCartById" time="0.725"/>
  <testcase classname="testcases.CartTests" name="testGetCartsByDateRange" time="0.877"/>
  <testcase classname="testcases.CartTests" name="testGetCartsSorted" time="0.895"/>
  <testcase classname="testcases.CartTests" name="testGetCartsSortedAsc" time="0.819"/>
  <testcase classname="testcases.CartTests" name="testGetCartsWithLimit" time="0.78"/>
  <testcase classname="testcases.CartTests" name="testGetUserCart" time="0.836"/>
  <testcase classname="testcases.CartTests" name="testUpdateCart" time="0.633"/>
  <testcase classname="testcases.LoginTests" name="testInvalidUserLogin" time="1.65"/>
  <testcase classname="testcases.LoginTests" name="testValidUserLogin" time="0.88"/>
  <testcase classname="testcases.ProductDataDrivenTest" name="testAddNewProduct" time="0.0">
    <failure type="java.lang.RuntimeException" message="java.io.FileNotFoundException: .\testdata\product.json (The system cannot find the path specified)">
      <![CDATA[java.lang.RuntimeException: java.io.FileNotFoundException: .\testdata\product.json (The system cannot find the path specified)
at java.base/java.util.ArrayList.forEach(ArrayList.java:1596)
Caused by: java.io.FileNotFoundException: .\testdata\product.json (The system cannot find the path specified)
at java.base/java.io.FileInputStream.open0(Native Method)
at java.base/java.io.FileInputStream.open(FileInputStream.java:213)
at java.base/java.io.FileInputStream.<init>(FileInputStream.java:152)
at com.fasterxml.jackson.core.TokenStreamFactory._fileInputStream(TokenStreamFactory.java:262)
at com.fasterxml.jackson.core.JsonFactory.createParser(JsonFactory.java:1030)
at com.fasterxml.jackson.databind.ObjectMapper.readValue(ObjectMapper.java:3562)
at utils.DataProviders.jsonDataProvider(DataProviders.java:26)
... 30 more
... Removed 35 stack frames]]>
    </failure>
  </testcase> <!-- testAddNewProduct -->
  <testcase classname="testcases.ProductTests" name="testAddNewProduct" time="0.712"/>
  <testcase classname="testcases.ProductTests" name="testDeleteProduct" time="0.723"/>
  <testcase classname="testcases.ProductTests" name="testGetAllCategories" time="0.678"/>
  <testcase classname="testcases.ProductTests" name="testGetAllProducts" time="0.663"/>
  <testcase classname="testcases.ProductTests" name="testGetLimitedProducts" time="0.612"/>
  <testcase classname="testcases.ProductTests" name="testGetProductsByCategory" time="0.703"/>
  <testcase classname="testcases.ProductTests" name="testGetSingleProductById" time="0.615"/>
  <testcase classname="testcases.ProductTests" name="testGetSortedProducts" time="0.683"/>
  <testcase classname="testcases.ProductTests" name="testGetSortedProductsAsc" time="0.598"/>
  <testcase classname="testcases.ProductTests" name="testUpdateProduct" time="0.523"/>
  <testcase classname="testcases.SchemaTests" name="testCartSchema" time="0.692">
    <failure type="java.lang.IllegalArgumentException" message="Schema to use cannot be null">
      <![CDATA[java.lang.IllegalArgumentException: Schema to use cannot be null
at io.restassured.module.jsv.JsonSchemaValidator.validateSchemaIsNotNull(JsonSchemaValidator.java:270)
at io.restassured.module.jsv.JsonSchemaValidator.access$300(JsonSchemaValidator.java:75)
at io.restassured.module.jsv.JsonSchemaValidator$JsonSchemaValidatorFactory.create(JsonSchemaValidator.java:281)
at io.restassured.module.jsv.JsonSchemaValidator.matchesJsonSchema(JsonSchemaValidator.java:166)
at io.restassured.module.jsv.JsonSchemaValidator.matchesJsonSchemaInClasspath(JsonSchemaValidator.java:117)
at testcases.SchemaTests.testCartSchema(SchemaTests.java:37)
at java.base/java.util.ArrayList.forEach(ArrayList.java:1596)
... Removed 30 stack frames]]>
    </failure>
  </testcase> <!-- testCartSchema -->
  <testcase classname="testcases.SchemaTests" name="testProductSchema" time="0.621">
    <failure type="java.lang.IllegalArgumentException" message="Schema to use cannot be null">
      <![CDATA[java.lang.IllegalArgumentException: Schema to use cannot be null
at io.restassured.module.jsv.JsonSchemaValidator.validateSchemaIsNotNull(JsonSchemaValidator.java:270)
at io.restassured.module.jsv.JsonSchemaValidator.access$300(JsonSchemaValidator.java:75)
at io.restassured.module.jsv.JsonSchemaValidator$JsonSchemaValidatorFactory.create(JsonSchemaValidator.java:281)
at io.restassured.module.jsv.JsonSchemaValidator.matchesJsonSchema(JsonSchemaValidator.java:166)
at io.restassured.module.jsv.JsonSchemaValidator.matchesJsonSchemaInClasspath(JsonSchemaValidator.java:117)
at testcases.SchemaTests.testProductSchema(SchemaTests.java:25)
at java.base/java.util.ArrayList.forEach(ArrayList.java:1596)
... Removed 30 stack frames]]>
    </failure>
  </testcase> <!-- testProductSchema -->
  <testcase classname="testcases.SchemaTests" name="testUserSchema" time="0.688">
    <failure type="java.lang.IllegalArgumentException" message="Schema to use cannot be null">
      <![CDATA[java.lang.IllegalArgumentException: Schema to use cannot be null
at io.restassured.module.jsv.JsonSchemaValidator.validateSchemaIsNotNull(JsonSchemaValidator.java:270)
at io.restassured.module.jsv.JsonSchemaValidator.access$300(JsonSchemaValidator.java:75)
at io.restassured.module.jsv.JsonSchemaValidator$JsonSchemaValidatorFactory.create(JsonSchemaValidator.java:281)
at io.restassured.module.jsv.JsonSchemaValidator.matchesJsonSchema(JsonSchemaValidator.java:166)
at io.restassured.module.jsv.JsonSchemaValidator.matchesJsonSchemaInClasspath(JsonSchemaValidator.java:117)
at testcases.SchemaTests.testUserSchema(SchemaTests.java:49)
at java.base/java.util.ArrayList.forEach(ArrayList.java:1596)
... Removed 30 stack frames]]>
    </failure>
  </testcase> <!-- testUserSchema -->
  <testcase classname="testcases.UserTests" name="testCreateUser" time="0.968"/>
  <testcase classname="testcases.UserTests" name="testDeleteUser" time="0.658"/>
  <testcase classname="testcases.UserTests" name="testGetAllUsers" time="0.847"/>
  <testcase classname="testcases.UserTests" name="testGetUserById" time="0.72"/>
  <testcase classname="testcases.UserTests" name="testGetUsersSorted" time="0.737"/>
  <testcase classname="testcases.UserTests" name="testGetUsersSortedAsc" time="0.674"/>
  <testcase classname="testcases.UserTests" name="testGetUsersWithLimit" time="0.722"/>
  <testcase classname="testcases.UserTests" name="testUpdateUser" time="0.612"/>
</testsuite> <!-- Surefire test -->
