<?xml version="1.0" encoding="UTF-8"?>
<!-- Generated by org.testng.reporters.JUnitXMLReporter -->
<testsuite ignored="0" hostname="IN-J8C0GY3" failures="0" tests="2" name="Auth Tests" time="1.295" errors="0" timestamp="2025-07-10T14:59:28 IST">
  <testcase classname="testcases.BaseClass" name="@BeforeClass setup" time="0.659">
    <failure type="java.io.FileNotFoundException" message=".\logs\test_logging.log (The system cannot find the path specified)">
      <![CDATA[java.io.FileNotFoundException: .\logs\test_logging.log (The system cannot find the path specified)
at java.base/java.io.FileOutputStream.open0(Native Method)
at java.base/java.io.FileOutputStream.open(FileOutputStream.java:289)
at java.base/java.io.FileOutputStream.<init>(FileOutputStream.java:230)
at java.base/java.io.FileOutputStream.<init>(FileOutputStream.java:118)
at testcases.BaseClass.setup(BaseClass.java:37)
at java.base/java.util.ArrayList.forEach(ArrayList.java:1596)
at java.base/java.util.concurrent.FutureTask.run(FutureTask.java:317)
at java.base/java.util.concurrent.ThreadPoolExecutor.runWorker(ThreadPoolExecutor.java:1144)
at java.base/java.util.concurrent.ThreadPoolExecutor$Worker.run(ThreadPoolExecutor.java:642)
at java.base/java.lang.Thread.run(Thread.java:1583)
... Removed 13 stack frames]]>
    </failure>
  </testcase> <!-- @BeforeClass setup -->
  <testcase classname="testcases.LoginTests" name="testInvalidUserLogin" time="0.001">
    <skipped/>
  </testcase> <!-- testInvalidUserLogin -->
  <testcase classname="testcases.LoginTests" name="testValidUserLogin" time="0.0">
    <skipped/>
  </testcase> <!-- testValidUserLogin -->
</testsuite> <!-- Auth Tests -->
