<?xml version="1.0" encoding="UTF-8"?>
<!-- Generated by org.testng.reporters.JUnitXMLReporter -->
<testsuite ignored="0" hostname="IN-J8C0GY3" failures="0" tests="10" name="Cart Tests" time="1.326" errors="0" timestamp="2025-07-10T14:59:28 IST">
  <testcase classname="testcases.BaseClass" name="@BeforeClass setup" time="0.658">
    <failure type="java.io.FileNotFoundException" message=".\logs\test_logging.log (The system cannot find the path specified)">
      <![CDATA[java.io.FileNotFoundException: .\logs\test_logging.log (The system cannot find the path specified)
at java.base/java.io.FileOutputStream.open0(Native Method)
at java.base/java.io.FileOutputStream.open(FileOutputStream.java:289)
at java.base/java.io.FileOutputStream.<init>(FileOutputStream.java:230)
at java.base/java.io.FileOutputStream.<init>(FileOutputStream.java:118)
at testcases.BaseClass.setup(BaseClass.java:37)
at java.base/java.util.ArrayList.forEach(ArrayList.java:1596)
at java.base/java.util.concurrent.FutureTask.run(FutureTask.java:317)
at java.base/java.util.concurrent.ThreadPoolExecutor.runWorker(ThreadPoolExecutor.java:1144)
at java.base/java.util.concurrent.ThreadPoolExecutor$Worker.run(ThreadPoolExecutor.java:642)
at java.base/java.lang.Thread.run(Thread.java:1583)
... Removed 13 stack frames]]>
    </failure>
  </testcase> <!-- @BeforeClass setup -->
  <testcase classname="testcases.CartTests" name="testCreateCart" time="0.001">
    <skipped/>
  </testcase> <!-- testCreateCart -->
  <testcase classname="testcases.CartTests" name="testDeleteCart" time="0.0">
    <skipped/>
  </testcase> <!-- testDeleteCart -->
  <testcase classname="testcases.CartTests" name="testGetAllCarts" time="0.0">
    <skipped/>
  </testcase> <!-- testGetAllCarts -->
  <testcase classname="testcases.CartTests" name="testGetCartById" time="0.0">
    <skipped/>
  </testcase> <!-- testGetCartById -->
  <testcase classname="testcases.CartTests" name="testGetCartsByDateRange" time="0.0">
    <skipped/>
  </testcase> <!-- testGetCartsByDateRange -->
  <testcase classname="testcases.CartTests" name="testGetCartsSorted" time="0.0">
    <skipped/>
  </testcase> <!-- testGetCartsSorted -->
  <testcase classname="testcases.CartTests" name="testGetCartsSortedAsc" time="0.0">
    <skipped/>
  </testcase> <!-- testGetCartsSortedAsc -->
  <testcase classname="testcases.CartTests" name="testGetCartsWithLimit" time="0.0">
    <skipped/>
  </testcase> <!-- testGetCartsWithLimit -->
  <testcase classname="testcases.CartTests" name="testGetUserCart" time="0.0">
    <skipped/>
  </testcase> <!-- testGetUserCart -->
  <testcase classname="testcases.CartTests" name="testUpdateCart" time="0.0">
    <skipped/>
  </testcase> <!-- testUpdateCart -->
</testsuite> <!-- Cart Tests -->
