<?xml version="1.0" encoding="UTF-8"?>
<!-- Generated by org.testng.reporters.JUnitXMLReporter -->
<testsuite ignored="0" hostname="IN-J8C0GY3" failures="0" tests="8" name="Product Tests" time="11.692" errors="0" timestamp="2025-07-18T14:53:58 IST">
  <testcase classname="testcases.UserTests" name="testCreateUser" time="4.809"/>
  <testcase classname="testcases.UserTests" name="testDeleteUser" time="0.803"/>
  <testcase classname="testcases.UserTests" name="testGetAllUsers" time="0.826"/>
  <testcase classname="testcases.UserTests" name="testGetUserById" time="0.71"/>
  <testcase classname="testcases.UserTests" name="testGetUsersSorted" time="0.979"/>
  <testcase classname="testcases.UserTests" name="testGetUsersSortedAsc" time="0.883"/>
  <testcase classname="testcases.UserTests" name="testGetUsersWithLimit" time="0.912"/>
  <testcase classname="testcases.UserTests" name="testUpdateUser" time="0.739"/>
</testsuite> <!-- Product Tests -->
