<?xml version="1.0" encoding="UTF-8"?>
<!-- Generated by org.testng.reporters.JUnitXMLReporter -->
<testsuite ignored="0" hostname="IN-J8C0GY3" failures="0" tests="3" name="Schema Tests" time="1.11" errors="0" timestamp="2025-07-10T14:52:08 IST">
  <testcase classname="testcases.SchemaTests" name="testCartSchema" time="0.0">
    <skipped/>
  </testcase> <!-- testCartSchema -->
  <testcase classname="testcases.SchemaTests" name="testProductSchema" time="0.0">
    <skipped/>
  </testcase> <!-- testProductSchema -->
  <testcase classname="testcases.SchemaTests" name="testUserSchema" time="0.0">
    <skipped/>
  </testcase> <!-- testUserSchema -->
</testsuite> <!-- Schema Tests -->
