<?xml version="1.0" encoding="UTF-8"?>
<testng-results ignored="0" total="2" passed="2" failed="0" skipped="0">
  <reporter-output>
  </reporter-output>
  <suite started-at="2025-07-18T16:13:15 IST" name="Default suite" finished-at="2025-07-18T16:13:21 IST" duration-ms="6304">
    <groups>
    </groups>
    <test started-at="2025-07-18T16:13:15 IST" name="Default test" finished-at="2025-07-18T16:13:21 IST" duration-ms="6304">
      <class name="testcases.LoginTests">
        <test-method is-config="true" signature="setup()[pri:0, instance:testcases.LoginTests@1033576a]" started-at="2025-07-18T16:13:15 IST" name="setup" finished-at="2025-07-18T16:13:15 IST" duration-ms="565" status="PASS">
          <reporter-output>
          </reporter-output>
        </test-method> <!-- setup -->
        <test-method signature="testInvalidUserLogin()[pri:0, instance:testcases.LoginTests@1033576a]" started-at="2025-07-18T16:13:16 IST" name="testInvalidUserLogin" finished-at="2025-07-18T16:13:20 IST" duration-ms="4179" status="PASS">
          <reporter-output>
          </reporter-output>
        </test-method> <!-- testInvalidUserLogin -->
        <test-method signature="testValidUserLogin()[pri:0, instance:testcases.LoginTests@1033576a]" started-at="2025-07-18T16:13:20 IST" name="testValidUserLogin" finished-at="2025-07-18T16:13:21 IST" duration-ms="1506" status="PASS">
          <reporter-output>
          </reporter-output>
        </test-method> <!-- testValidUserLogin -->
      </class> <!-- testcases.LoginTests -->
    </test> <!-- Default test -->
  </suite> <!-- Default suite -->
</testng-results>
